Arguments: 
  /usr/local/bin/node /Users/alocke/.yarn/bin/yarn.js start

PATH: 
  /Users/alocke/.yarn/bin:/Users/alocke/.config/yarn/global/node_modules/.bin:~/.npm-global/bin:/Users/alocke/.rbenv/shims:/Users/alocke/arc/arcanist/bin:/Applications/Postgres.app/Contents/Versions/10/bin:/usr/local/bin:/usr/bin:/bin:/usr/sbin:/sbin

Yarn version: 
  1.5.1

Node version: 
  9.5.0

Platform: 
  darwin x64

npm manifest: 
  {
    "name": "create-repack-app",
    "version": "1.0.1",
    "scripts": {
      "build": "cd client && npm install --only=dev && npm install && npm run build && cd ..",
      "deploy": "cp -a client/build/. public/",
      "heroku-postbuild": "npm run build && npm run deploy && echo 'Client Built'"
    },
    "keywords": [],
    "author": "",
    "license": "ISC",
    "description": "This README would normally document whatever steps are necessary to get the application up and running.",
    "main": "index.js",
    "directories": {
      "lib": "lib"
    },
    "repository": {
      "type": "git",
      "url": "ssh://git@phabricator.devpointstudios.com/diffusion/38/bounty-deconet.git"
    },
    "dependencies": {
  
    }
  }

yarn manifest: 
  No manifest

Lockfile: 
  No lockfile

Trace: 
  Error: Command "start" not found.
      at new MessageError (/Users/alocke/.yarn/lib/cli.js:186:110)
      at /Users/alocke/.yarn/lib/cli.js:87307:17
      at Generator.next (<anonymous>)
      at step (/Users/alocke/.yarn/lib/cli.js:98:30)
      at /Users/alocke/.yarn/lib/cli.js:116:14
      at new Promise (<anonymous>)
      at new F (/Users/alocke/.yarn/lib/cli.js:23451:28)
      at /Users/alocke/.yarn/lib/cli.js:95:12
      at runCommand (/Users/alocke/.yarn/lib/cli.js:87312:22)
      at Object.<anonymous> (/Users/alocke/.yarn/lib/cli.js:87412:14)
